> Task :compileJava UP-TO-DATE
> Task :processResources UP-TO-DATE
> Task :classes UP-TO-DATE
> Task :resolveMainClassName

> Task :bootRun

  .   ____          _            __ _ _
 /\\ / ___'_ __ _ _(_)_ __  __ _ \ \ \ \
( ( )\___ | '_ | '_| | '_ \/ _` | \ \ \ \
 \\/  ___)| |_)| | | | | || (_| |  ) ) ) )
  '  |____| .__|_| |_|_| |_\__, | / / / /
 =========|_|==============|___/=/_/_/_/

 :: Spring Boot ::               (v3.5.14)

2026-06-08T11:39:40.975+09:00  INFO 12252 --- [ai.backend] [           main] c.sesac.ai.backend.AiBackendApplication  : Starting AiBackendApplication using Java 21.0.11 with PID 12252 (C:\Users\user\Desktop\ai.backend\build\classes\java\main started by user in C:\Users\user\Desktop\ai.backend)
2026-06-08T11:39:40.977+09:00  INFO 12252 --- [ai.backend] [           main] c.sesac.ai.backend.AiBackendApplication  : The following 1 profile is active: "dev"
2026-06-08T11:39:41.750+09:00  INFO 12252 --- [ai.backend] [           main] .s.d.r.c.RepositoryConfigurationDelegate : Bootstrapping Spring Data JPA repositories in DEFAULT mode.
2026-06-08T11:39:41.812+09:00  INFO 12252 --- [ai.backend] [           main] .s.d.r.c.RepositoryConfigurationDelegate : Finished Spring Data repository scanning in 55 ms. Found 5 JPA repository interfaces.
2026-06-08T11:39:42.325+09:00  INFO 12252 --- [ai.backend] [           main] o.s.b.w.embedded.tomcat.TomcatWebServer  : Tomcat initialized with port 18080 (http)
2026-06-08T11:39:42.337+09:00  INFO 12252 --- [ai.backend] [           main] o.apache.catalina.core.StandardService   : Starting service [Tomcat]
2026-06-08T11:39:42.337+09:00  INFO 12252 --- [ai.backend] [           main] o.apache.catalina.core.StandardEngine    : Starting Servlet engine: [Apache Tomcat/10.1.54]
2026-06-08T11:39:42.391+09:00  INFO 12252 --- [ai.backend] [           main] o.a.c.c.C.[Tomcat].[localhost].[/]       : Initializing Spring embedded WebApplicationContext
2026-06-08T11:39:42.392+09:00  INFO 12252 --- [ai.backend] [           main] w.s.c.ServletWebServerApplicationContext : Root WebApplicationContext: initialization completed in 1379 ms
2026-06-08T11:39:42.546+09:00  INFO 12252 --- [ai.backend] [           main] o.hibernate.jpa.internal.util.LogHelper  : HHH000204: Processing PersistenceUnitInfo [name: default]
2026-06-08T11:39:42.582+09:00  INFO 12252 --- [ai.backend] [           main] org.hibernate.Version                    : HHH000412: Hibernate ORM core version 6.6.49.Final
2026-06-08T11:39:42.606+09:00  INFO 12252 --- [ai.backend] [           main] o.h.c.internal.RegionFactoryInitiator    : HHH000026: Second-level cache disabled
2026-06-08T11:39:42.813+09:00  INFO 12252 --- [ai.backend] [           main] o.s.o.j.p.SpringPersistenceUnitInfo      : No LoadTimeWeaver setup: ignoring JPA class transformer
2026-06-08T11:39:42.836+09:00  INFO 12252 --- [ai.backend] [           main] com.zaxxer.hikari.HikariDataSource       : HikariPool-1 - Starting...
2026-06-08T11:39:42.985+09:00  INFO 12252 --- [ai.backend] [           main] com.zaxxer.hikari.pool.HikariPool        : HikariPool-1 - Added connection conn0: url=jdbc:h2:mem:ai.backend user=SA
2026-06-08T11:39:42.986+09:00  INFO 12252 --- [ai.backend] [           main] com.zaxxer.hikari.HikariDataSource       : HikariPool-1 - Start completed.
2026-06-08T11:39:43.030+09:00  INFO 12252 --- [ai.backend] [           main] org.hibernate.orm.connections.pooling    : HHH10001005: Database info:
	Database JDBC URL [Connecting through datasource 'HikariDataSource (HikariPool-1)']
	Database driver: undefined/unknown
	Database version: 2.3.232
	Autocommit mode: undefined/unknown
	Isolation level: undefined/unknown
	Minimum pool size: undefined/unknown
	Maximum pool size: undefined/unknown
2026-06-08T11:39:43.782+09:00  INFO 12252 --- [ai.backend] [           main] o.h.e.t.j.p.i.JtaPlatformInitiator       : HHH000489: No JTA platform available (set 'hibernate.transaction.jta.platform' to enable JTA platform integration)
Hibernate: 
    drop table if exists chat_logs cascade 
Hibernate: 
    drop table if exists departments cascade 
Hibernate: 
    drop table if exists employees cascade 
Hibernate: 
    drop table if exists items cascade 
Hibernate: 
    drop table if exists users cascade 
Hibernate: 
    create table chat_logs (
        created_at timestamp(6) not null,
        id bigint generated by default as identity,
        user_id bigint not null,
        prompt TEXT not null,
        response TEXT,
        primary key (id)
    )
Hibernate: 
    create table departments (
        id bigint generated by default as identity,
        name varchar(100) not null unique,
        primary key (id)
    )
Hibernate: 
    create table employees (
        department_id bigint not null,
        id bigint generated by default as identity,
        position varchar(100) not null,
        email varchar(200) not null,
        primary key (id)
    )
Hibernate: 
    create table items (
        price integer not null,
        id bigint generated by default as identity,
        name varchar(100) not null,
        primary key (id)
    )
Hibernate: 
    create table users (
        id bigint generated by default as identity,
        username varchar(100) not null unique,
        password_hash varchar(200),
        role enum ('ADMIN','USER') not null,
        primary key (id)
    )
Hibernate: 
    alter table if exists chat_logs 
       add constraint FKhhkg5vlplurcvucfifkrduvhy 
       foreign key (user_id) 
       references users
Hibernate: 
    alter table if exists employees 
       add constraint FKgy4qe3dnqrm3ktd76sxp7n4c2 
       foreign key (department_id) 
       references departments
2026-06-08T11:39:43.836+09:00  INFO 12252 --- [ai.backend] [           main] j.LocalContainerEntityManagerFactoryBean : Initialized JPA EntityManagerFactory for persistence unit 'default'
2026-06-08T11:39:44.131+09:00  INFO 12252 --- [ai.backend] [           main] r$InitializeUserDetailsManagerConfigurer : Global AuthenticationManager configured with UserDetailsService bean with name customUserDetailsService
2026-06-08T11:39:44.170+09:00  INFO 12252 --- [ai.backend] [           main] o.s.d.j.r.query.QueryEnhancerFactory     : Hibernate is in classpath; If applicable, HQL parser will be used.
2026-06-08T11:39:45.247+09:00  INFO 12252 --- [ai.backend] [           main] o.s.b.a.h2.H2ConsoleAutoConfiguration    : H2 console available at '/h2-console'. Database available at 'jdbc:h2:mem:ai.backend'
2026-06-08T11:39:45.362+09:00  INFO 12252 --- [ai.backend] [           main] o.s.b.w.embedded.tomcat.TomcatWebServer  : Tomcat started on port 18080 (http) with context path '/'
2026-06-08T11:39:45.369+09:00  INFO 12252 --- [ai.backend] [           main] c.sesac.ai.backend.AiBackendApplication  : Started AiBackendApplication in 4.83 seconds (process running for 5.165)
2026-06-08T11:39:45.372+09:00  WARN 12252 --- [ai.backend] [           main] o.s.core.events.SpringDocAppInitializer  : SpringDoc /v3/api-docs endpoint is enabled by default. To disable it in production, set the property 'springdoc.api-docs.enabled=false'
2026-06-08T11:39:45.372+09:00  WARN 12252 --- [ai.backend] [           main] o.s.core.events.SpringDocAppInitializer  : SpringDoc /swagger-ui.html endpoint is enabled by default. To disable it in production, set the property 'springdoc.swagger-ui.enabled=false'
2026-06-08T11:39:47.554+09:00  INFO 12252 --- [ai.backend] [io-18080-exec-1] o.a.c.c.C.[Tomcat].[localhost].[/]       : Initializing Spring DispatcherServlet 'dispatcherServlet'
2026-06-08T11:39:47.554+09:00  INFO 12252 --- [ai.backend] [io-18080-exec-1] o.s.web.servlet.DispatcherServlet        : Initializing Servlet 'dispatcherServlet'
2026-06-08T11:39:47.555+09:00  INFO 12252 --- [ai.backend] [io-18080-exec-1] o.s.web.servlet.DispatcherServlet        : Completed initialization in 1 ms
Hibernate: 
    select
        u1_0.id 
    from
        users u1_0 
    where
        u1_0.username=? 
    fetch
        first ? rows only
Hibernate: 
    insert 
    into
        users
        (password_hash, role, username, id) 
    values
        (?, ?, ?, default)
Hibernate: 
    select
        u1_0.id,
        u1_0.password_hash,
        u1_0.role,
        u1_0.username 
    from
        users u1_0 
    where
        u1_0.username=?
Hibernate: 
    select
        u1_0.id,
        u1_0.password_hash,
        u1_0.role,
        u1_0.username 
    from
        users u1_0 
    where
        u1_0.username=?
